[2022-11-23 17:46:38,992] {taskinstance.py:1037} INFO - Dependencies all met for <TaskInstance: dag_combustivel.pyspark_task scheduled__2004-01-01T00:00:00+00:00 [queued]>
[2022-11-23 17:46:39,040] {taskinstance.py:1037} INFO - Dependencies all met for <TaskInstance: dag_combustivel.pyspark_task scheduled__2004-01-01T00:00:00+00:00 [queued]>
[2022-11-23 17:46:39,041] {taskinstance.py:1243} INFO - 
--------------------------------------------------------------------------------
[2022-11-23 17:46:39,042] {taskinstance.py:1244} INFO - Starting attempt 4 of 4
[2022-11-23 17:46:39,043] {taskinstance.py:1245} INFO - 
--------------------------------------------------------------------------------
[2022-11-23 17:46:39,098] {taskinstance.py:1264} INFO - Executing <Task(DataprocSubmitJobOperator): pyspark_task> on 2004-01-01 00:00:00+00:00
[2022-11-23 17:46:39,109] {standard_task_runner.py:52} INFO - Started process 5998 to run task
[2022-11-23 17:46:39,123] {standard_task_runner.py:76} INFO - Running: ['***', 'tasks', 'run', 'dag_combustivel', 'pyspark_task', 'scheduled__2004-01-01T00:00:00+00:00', '--job-id', '63', '--raw', '--subdir', 'DAGS_FOLDER/dag_combustivel.py', '--cfg-path', '/tmp/tmp9jfo66zv', '--error-file', '/tmp/tmpy8ym65mh']
[2022-11-23 17:46:39,128] {standard_task_runner.py:77} INFO - Job 63: Subtask pyspark_task
[2022-11-23 17:46:39,321] {logging_mixin.py:109} INFO - Running <TaskInstance: dag_combustivel.pyspark_task scheduled__2004-01-01T00:00:00+00:00 [running]> on host 8c4b0b632010
[2022-11-23 17:46:39,516] {taskinstance.py:1431} INFO - Exporting the following env vars:
AIRFLOW_CTX_DAG_OWNER=***
AIRFLOW_CTX_DAG_ID=dag_combustivel
AIRFLOW_CTX_TASK_ID=pyspark_task
AIRFLOW_CTX_EXECUTION_DATE=2004-01-01T00:00:00+00:00
AIRFLOW_CTX_DAG_RUN_ID=scheduled__2004-01-01T00:00:00+00:00
[2022-11-23 17:46:39,518] {dataproc.py:1878} INFO - Submitting job
[2022-11-23 17:46:39,837] {dataproc.py:1890} INFO - Job 047e0e3b-ef89-4f42-af44-61005b6e00cc submitted successfully.
[2022-11-23 17:46:39,866] {dataproc.py:1903} INFO - Waiting for job 047e0e3b-ef89-4f42-af44-61005b6e00cc to complete
[2022-11-23 17:48:32,352] {dataproc.py:1907} INFO - Job 047e0e3b-ef89-4f42-af44-61005b6e00cc completed successfully.
[2022-11-23 17:48:32,394] {taskinstance.py:1282} INFO - Marking task as SUCCESS. dag_id=dag_combustivel, task_id=pyspark_task, execution_date=20040101T000000, start_date=20221123T174638, end_date=20221123T174832
[2022-11-23 17:48:32,475] {local_task_job.py:154} INFO - Task exited with return code 0
[2022-11-23 17:48:32,537] {local_task_job.py:264} INFO - 1 downstream tasks scheduled from follow-on schedule check
