[2022-11-23 17:22:51,101] {taskinstance.py:1037} INFO - Dependencies all met for <TaskInstance: dag_combustivel.create_cluster scheduled__2004-07-01T00:00:00+00:00 [queued]>
[2022-11-23 17:22:51,181] {taskinstance.py:1037} INFO - Dependencies all met for <TaskInstance: dag_combustivel.create_cluster scheduled__2004-07-01T00:00:00+00:00 [queued]>
[2022-11-23 17:22:51,192] {taskinstance.py:1243} INFO - 
--------------------------------------------------------------------------------
[2022-11-23 17:22:51,192] {taskinstance.py:1244} INFO - Starting attempt 5 of 5
[2022-11-23 17:22:51,193] {taskinstance.py:1245} INFO - 
--------------------------------------------------------------------------------
[2022-11-23 17:22:51,274] {taskinstance.py:1264} INFO - Executing <Task(DataprocCreateClusterOperator): create_cluster> on 2004-07-01 00:00:00+00:00
[2022-11-23 17:22:51,303] {standard_task_runner.py:52} INFO - Started process 5219 to run task
[2022-11-23 17:22:51,336] {standard_task_runner.py:76} INFO - Running: ['***', 'tasks', 'run', 'dag_combustivel', 'create_cluster', 'scheduled__2004-07-01T00:00:00+00:00', '--job-id', '50', '--raw', '--subdir', 'DAGS_FOLDER/dag_combustivel.py', '--cfg-path', '/tmp/tmp28k_1zu1', '--error-file', '/tmp/tmph4nxaq7b']
[2022-11-23 17:22:51,339] {standard_task_runner.py:77} INFO - Job 50: Subtask create_cluster
[2022-11-23 17:22:51,670] {logging_mixin.py:109} INFO - Running <TaskInstance: dag_combustivel.create_cluster scheduled__2004-07-01T00:00:00+00:00 [running]> on host 8c4b0b632010
[2022-11-23 17:22:52,026] {taskinstance.py:1431} INFO - Exporting the following env vars:
AIRFLOW_CTX_DAG_OWNER=***
AIRFLOW_CTX_DAG_ID=dag_combustivel
AIRFLOW_CTX_TASK_ID=create_cluster
AIRFLOW_CTX_EXECUTION_DATE=2004-07-01T00:00:00+00:00
AIRFLOW_CTX_DAG_RUN_ID=scheduled__2004-07-01T00:00:00+00:00
[2022-11-23 17:22:52,028] {dataproc.py:625} INFO - Creating cluster: stack-data-pipeline
[2022-11-23 17:22:55,072] {dataproc.py:643} INFO - Cluster already exists.
[2022-11-23 17:22:55,382] {taskinstance.py:1282} INFO - Marking task as SUCCESS. dag_id=dag_combustivel, task_id=create_cluster, execution_date=20040701T000000, start_date=20221123T172251, end_date=20221123T172255
[2022-11-23 17:22:55,484] {local_task_job.py:154} INFO - Task exited with return code 0
[2022-11-23 17:22:55,637] {local_task_job.py:264} INFO - 1 downstream tasks scheduled from follow-on schedule check
