[2022-11-23 17:38:59,833] {taskinstance.py:1037} INFO - Dependencies all met for <TaskInstance: dag_combustivel.create_cluster scheduled__2004-01-01T00:00:00+00:00 [queued]>
[2022-11-23 17:38:59,852] {taskinstance.py:1037} INFO - Dependencies all met for <TaskInstance: dag_combustivel.create_cluster scheduled__2004-01-01T00:00:00+00:00 [queued]>
[2022-11-23 17:38:59,853] {taskinstance.py:1243} INFO - 
--------------------------------------------------------------------------------
[2022-11-23 17:38:59,853] {taskinstance.py:1244} INFO - Starting attempt 10 of 10
[2022-11-23 17:38:59,854] {taskinstance.py:1245} INFO - 
--------------------------------------------------------------------------------
[2022-11-23 17:38:59,878] {taskinstance.py:1264} INFO - Executing <Task(DataprocCreateClusterOperator): create_cluster> on 2004-01-01 00:00:00+00:00
[2022-11-23 17:38:59,884] {standard_task_runner.py:52} INFO - Started process 5738 to run task
[2022-11-23 17:38:59,890] {standard_task_runner.py:76} INFO - Running: ['***', 'tasks', 'run', 'dag_combustivel', 'create_cluster', 'scheduled__2004-01-01T00:00:00+00:00', '--job-id', '58', '--raw', '--subdir', 'DAGS_FOLDER/dag_combustivel.py', '--cfg-path', '/tmp/tmpbntqa7gj', '--error-file', '/tmp/tmplhs48bcv']
[2022-11-23 17:38:59,892] {standard_task_runner.py:77} INFO - Job 58: Subtask create_cluster
[2022-11-23 17:38:59,976] {logging_mixin.py:109} INFO - Running <TaskInstance: dag_combustivel.create_cluster scheduled__2004-01-01T00:00:00+00:00 [running]> on host 8c4b0b632010
[2022-11-23 17:39:00,089] {taskinstance.py:1431} INFO - Exporting the following env vars:
AIRFLOW_CTX_DAG_OWNER=***
AIRFLOW_CTX_DAG_ID=dag_combustivel
AIRFLOW_CTX_TASK_ID=create_cluster
AIRFLOW_CTX_EXECUTION_DATE=2004-01-01T00:00:00+00:00
AIRFLOW_CTX_DAG_RUN_ID=scheduled__2004-01-01T00:00:00+00:00
[2022-11-23 17:39:00,091] {dataproc.py:625} INFO - Creating cluster: stack-data-pipeline
[2022-11-23 17:39:02,760] {dataproc.py:643} INFO - Cluster already exists.
[2022-11-23 17:39:03,037] {taskinstance.py:1282} INFO - Marking task as SUCCESS. dag_id=dag_combustivel, task_id=create_cluster, execution_date=20040101T000000, start_date=20221123T173859, end_date=20221123T173903
[2022-11-23 17:39:03,160] {local_task_job.py:154} INFO - Task exited with return code 0
[2022-11-23 17:39:03,252] {local_task_job.py:264} INFO - 0 downstream tasks scheduled from follow-on schedule check
