[2022-11-23 17:33:39,994] {taskinstance.py:1037} INFO - Dependencies all met for <TaskInstance: dag_combustivel.create_cluster scheduled__2004-01-01T00:00:00+00:00 [queued]>
[2022-11-23 17:33:40,012] {taskinstance.py:1037} INFO - Dependencies all met for <TaskInstance: dag_combustivel.create_cluster scheduled__2004-01-01T00:00:00+00:00 [queued]>
[2022-11-23 17:33:40,013] {taskinstance.py:1243} INFO - 
--------------------------------------------------------------------------------
[2022-11-23 17:33:40,014] {taskinstance.py:1244} INFO - Starting attempt 9 of 9
[2022-11-23 17:33:40,014] {taskinstance.py:1245} INFO - 
--------------------------------------------------------------------------------
[2022-11-23 17:33:40,037] {taskinstance.py:1264} INFO - Executing <Task(DataprocCreateClusterOperator): create_cluster> on 2004-01-01 00:00:00+00:00
[2022-11-23 17:33:40,045] {standard_task_runner.py:52} INFO - Started process 5556 to run task
[2022-11-23 17:33:40,051] {standard_task_runner.py:76} INFO - Running: ['***', 'tasks', 'run', 'dag_combustivel', 'create_cluster', 'scheduled__2004-01-01T00:00:00+00:00', '--job-id', '54', '--raw', '--subdir', 'DAGS_FOLDER/dag_combustivel.py', '--cfg-path', '/tmp/tmpcvf49yb_', '--error-file', '/tmp/tmpzz8djapb']
[2022-11-23 17:33:40,053] {standard_task_runner.py:77} INFO - Job 54: Subtask create_cluster
[2022-11-23 17:33:40,148] {logging_mixin.py:109} INFO - Running <TaskInstance: dag_combustivel.create_cluster scheduled__2004-01-01T00:00:00+00:00 [running]> on host 8c4b0b632010
[2022-11-23 17:33:40,242] {taskinstance.py:1431} INFO - Exporting the following env vars:
AIRFLOW_CTX_DAG_OWNER=***
AIRFLOW_CTX_DAG_ID=dag_combustivel
AIRFLOW_CTX_TASK_ID=create_cluster
AIRFLOW_CTX_EXECUTION_DATE=2004-01-01T00:00:00+00:00
AIRFLOW_CTX_DAG_RUN_ID=scheduled__2004-01-01T00:00:00+00:00
[2022-11-23 17:33:40,244] {dataproc.py:625} INFO - Creating cluster: stack-data-pipeline
[2022-11-23 17:33:43,188] {dataproc.py:643} INFO - Cluster already exists.
[2022-11-23 17:33:43,441] {taskinstance.py:1282} INFO - Marking task as SUCCESS. dag_id=dag_combustivel, task_id=create_cluster, execution_date=20040101T000000, start_date=20221123T173339, end_date=20221123T173343
[2022-11-23 17:33:43,521] {local_task_job.py:154} INFO - Task exited with return code 0
[2022-11-23 17:33:43,587] {local_task_job.py:264} INFO - 1 downstream tasks scheduled from follow-on schedule check
