[2022-11-23 15:17:24,160] {taskinstance.py:1037} INFO - Dependencies all met for <TaskInstance: dag_combustivel.get_op scheduled__2005-01-01T00:00:00+00:00 [queued]>
[2022-11-23 15:17:24,185] {taskinstance.py:1037} INFO - Dependencies all met for <TaskInstance: dag_combustivel.get_op scheduled__2005-01-01T00:00:00+00:00 [queued]>
[2022-11-23 15:17:24,186] {taskinstance.py:1243} INFO - 
--------------------------------------------------------------------------------
[2022-11-23 15:17:24,187] {taskinstance.py:1244} INFO - Starting attempt 1 of 1
[2022-11-23 15:17:24,187] {taskinstance.py:1245} INFO - 
--------------------------------------------------------------------------------
[2022-11-23 15:17:24,212] {taskinstance.py:1264} INFO - Executing <Task(SimpleHttpOperator): get_op> on 2005-01-01 00:00:00+00:00
[2022-11-23 15:17:24,221] {standard_task_runner.py:52} INFO - Started process 1333 to run task
[2022-11-23 15:17:24,229] {standard_task_runner.py:76} INFO - Running: ['***', 'tasks', 'run', 'dag_combustivel', 'get_op', 'scheduled__2005-01-01T00:00:00+00:00', '--job-id', '8', '--raw', '--subdir', 'DAGS_FOLDER/dag_combustivel.py', '--cfg-path', '/tmp/tmpm1v1zx6y', '--error-file', '/tmp/tmp6b6h_h6l']
[2022-11-23 15:17:24,232] {standard_task_runner.py:77} INFO - Job 8: Subtask get_op
[2022-11-23 15:17:24,359] {logging_mixin.py:109} INFO - Running <TaskInstance: dag_combustivel.get_op scheduled__2005-01-01T00:00:00+00:00 [running]> on host 8c4b0b632010
[2022-11-23 15:17:24,493] {taskinstance.py:1431} INFO - Exporting the following env vars:
AIRFLOW_CTX_DAG_OWNER=***
AIRFLOW_CTX_DAG_ID=dag_combustivel
AIRFLOW_CTX_TASK_ID=get_op
AIRFLOW_CTX_EXECUTION_DATE=2005-01-01T00:00:00+00:00
AIRFLOW_CTX_DAG_RUN_ID=scheduled__2005-01-01T00:00:00+00:00
[2022-11-23 15:17:24,495] {http.py:104} INFO - Calling HTTP method
[2022-11-23 15:17:24,517] {base.py:79} INFO - Using connection to: id: gcp-data-pipeline. Host: https://stack-gcp-data-pipeline-lwj3epzvha-uc.a.run.app, Port: None, Schema: , Login: , Password: None, extra: {}
[2022-11-23 15:17:24,521] {http.py:129} INFO - Sending 'POST' to url: https://stack-gcp-data-pipeline-lwj3epzvha-uc.a.run.app/download_combustivel
[2022-11-23 15:18:25,046] {taskinstance.py:1282} INFO - Marking task as SUCCESS. dag_id=dag_combustivel, task_id=get_op, execution_date=20050101T000000, start_date=20221123T151724, end_date=20221123T151825
[2022-11-23 15:18:25,091] {local_task_job.py:154} INFO - Task exited with return code 0
[2022-11-23 15:18:25,174] {local_task_job.py:264} INFO - 1 downstream tasks scheduled from follow-on schedule check
