[2022-11-23 16:36:20,573] {taskinstance.py:1037} INFO - Dependencies all met for <TaskInstance: dag_combustivel.get_op scheduled__2007-07-01T00:00:00+00:00 [queued]>
[2022-11-23 16:36:20,599] {taskinstance.py:1037} INFO - Dependencies all met for <TaskInstance: dag_combustivel.get_op scheduled__2007-07-01T00:00:00+00:00 [queued]>
[2022-11-23 16:36:20,600] {taskinstance.py:1243} INFO - 
--------------------------------------------------------------------------------
[2022-11-23 16:36:20,601] {taskinstance.py:1244} INFO - Starting attempt 1 of 1
[2022-11-23 16:36:20,601] {taskinstance.py:1245} INFO - 
--------------------------------------------------------------------------------
[2022-11-23 16:36:20,626] {taskinstance.py:1264} INFO - Executing <Task(SimpleHttpOperator): get_op> on 2007-07-01 00:00:00+00:00
[2022-11-23 16:36:20,649] {standard_task_runner.py:52} INFO - Started process 3770 to run task
[2022-11-23 16:36:20,657] {standard_task_runner.py:76} INFO - Running: ['***', 'tasks', 'run', 'dag_combustivel', 'get_op', 'scheduled__2007-07-01T00:00:00+00:00', '--job-id', '31', '--raw', '--subdir', 'DAGS_FOLDER/dag_combustivel.py', '--cfg-path', '/tmp/tmpfwnrzfxk', '--error-file', '/tmp/tmphhtbq1x7']
[2022-11-23 16:36:20,659] {standard_task_runner.py:77} INFO - Job 31: Subtask get_op
[2022-11-23 16:36:20,814] {logging_mixin.py:109} INFO - Running <TaskInstance: dag_combustivel.get_op scheduled__2007-07-01T00:00:00+00:00 [running]> on host 8c4b0b632010
[2022-11-23 16:36:20,978] {taskinstance.py:1431} INFO - Exporting the following env vars:
AIRFLOW_CTX_DAG_OWNER=***
AIRFLOW_CTX_DAG_ID=dag_combustivel
AIRFLOW_CTX_TASK_ID=get_op
AIRFLOW_CTX_EXECUTION_DATE=2007-07-01T00:00:00+00:00
AIRFLOW_CTX_DAG_RUN_ID=scheduled__2007-07-01T00:00:00+00:00
[2022-11-23 16:36:20,980] {http.py:104} INFO - Calling HTTP method
[2022-11-23 16:36:21,007] {base.py:79} INFO - Using connection to: id: gcp-data-pipeline. Host: https://stack-gcp-data-pipeline-lwj3epzvha-uc.a.run.app, Port: None, Schema: , Login: , Password: None, extra: {}
[2022-11-23 16:36:21,011] {http.py:129} INFO - Sending 'POST' to url: https://stack-gcp-data-pipeline-lwj3epzvha-uc.a.run.app/download_combustivel
[2022-11-23 16:38:45,943] {taskinstance.py:1282} INFO - Marking task as SUCCESS. dag_id=dag_combustivel, task_id=get_op, execution_date=20070701T000000, start_date=20221123T163620, end_date=20221123T163845
[2022-11-23 16:38:46,041] {local_task_job.py:154} INFO - Task exited with return code 0
[2022-11-23 16:38:46,170] {local_task_job.py:264} INFO - 1 downstream tasks scheduled from follow-on schedule check
