[2022-11-23 15:15:20,290] {taskinstance.py:1037} INFO - Dependencies all met for <TaskInstance: dag_combustivel.get_op scheduled__2004-01-01T00:00:00+00:00 [queued]>
[2022-11-23 15:15:20,315] {taskinstance.py:1037} INFO - Dependencies all met for <TaskInstance: dag_combustivel.get_op scheduled__2004-01-01T00:00:00+00:00 [queued]>
[2022-11-23 15:15:20,315] {taskinstance.py:1243} INFO - 
--------------------------------------------------------------------------------
[2022-11-23 15:15:20,316] {taskinstance.py:1244} INFO - Starting attempt 1 of 1
[2022-11-23 15:15:20,316] {taskinstance.py:1245} INFO - 
--------------------------------------------------------------------------------
[2022-11-23 15:15:20,344] {taskinstance.py:1264} INFO - Executing <Task(SimpleHttpOperator): get_op> on 2004-01-01 00:00:00+00:00
[2022-11-23 15:15:20,352] {standard_task_runner.py:52} INFO - Started process 1242 to run task
[2022-11-23 15:15:20,360] {standard_task_runner.py:76} INFO - Running: ['***', 'tasks', 'run', 'dag_combustivel', 'get_op', 'scheduled__2004-01-01T00:00:00+00:00', '--job-id', '4', '--raw', '--subdir', 'DAGS_FOLDER/dag_combustivel.py', '--cfg-path', '/tmp/tmp5t0dm4hg', '--error-file', '/tmp/tmpgnvzludu']
[2022-11-23 15:15:20,362] {standard_task_runner.py:77} INFO - Job 4: Subtask get_op
[2022-11-23 15:15:20,468] {logging_mixin.py:109} INFO - Running <TaskInstance: dag_combustivel.get_op scheduled__2004-01-01T00:00:00+00:00 [running]> on host 8c4b0b632010
[2022-11-23 15:15:20,641] {taskinstance.py:1431} INFO - Exporting the following env vars:
AIRFLOW_CTX_DAG_OWNER=***
AIRFLOW_CTX_DAG_ID=dag_combustivel
AIRFLOW_CTX_TASK_ID=get_op
AIRFLOW_CTX_EXECUTION_DATE=2004-01-01T00:00:00+00:00
AIRFLOW_CTX_DAG_RUN_ID=scheduled__2004-01-01T00:00:00+00:00
[2022-11-23 15:15:20,644] {http.py:104} INFO - Calling HTTP method
[2022-11-23 15:15:20,681] {base.py:79} INFO - Using connection to: id: gcp-data-pipeline. Host: https://stack-gcp-data-pipeline-lwj3epzvha-uc.a.run.app, Port: None, Schema: , Login: , Password: None, extra: {}
[2022-11-23 15:15:20,696] {http.py:129} INFO - Sending 'POST' to url: https://stack-gcp-data-pipeline-lwj3epzvha-uc.a.run.app/download_combustivel
[2022-11-23 15:15:41,782] {taskinstance.py:1282} INFO - Marking task as SUCCESS. dag_id=dag_combustivel, task_id=get_op, execution_date=20040101T000000, start_date=20221123T151520, end_date=20221123T151541
[2022-11-23 15:15:41,844] {local_task_job.py:154} INFO - Task exited with return code 0
[2022-11-23 15:15:41,946] {local_task_job.py:264} INFO - 1 downstream tasks scheduled from follow-on schedule check
