[2022-11-23 17:32:33,455] {taskinstance.py:1037} INFO - Dependencies all met for <TaskInstance: dag_combustivel.get_op scheduled__2004-01-01T00:00:00+00:00 [queued]>
[2022-11-23 17:32:33,482] {taskinstance.py:1037} INFO - Dependencies all met for <TaskInstance: dag_combustivel.get_op scheduled__2004-01-01T00:00:00+00:00 [queued]>
[2022-11-23 17:32:33,483] {taskinstance.py:1243} INFO - 
--------------------------------------------------------------------------------
[2022-11-23 17:32:33,484] {taskinstance.py:1244} INFO - Starting attempt 12 of 12
[2022-11-23 17:32:33,484] {taskinstance.py:1245} INFO - 
--------------------------------------------------------------------------------
[2022-11-23 17:32:33,516] {taskinstance.py:1264} INFO - Executing <Task(SimpleHttpOperator): get_op> on 2004-01-01 00:00:00+00:00
[2022-11-23 17:32:33,524] {standard_task_runner.py:52} INFO - Started process 5518 to run task
[2022-11-23 17:32:33,531] {standard_task_runner.py:76} INFO - Running: ['***', 'tasks', 'run', 'dag_combustivel', 'get_op', 'scheduled__2004-01-01T00:00:00+00:00', '--job-id', '53', '--raw', '--subdir', 'DAGS_FOLDER/dag_combustivel.py', '--cfg-path', '/tmp/tmpgrx9q4dr', '--error-file', '/tmp/tmpmtaqe1rz']
[2022-11-23 17:32:33,534] {standard_task_runner.py:77} INFO - Job 53: Subtask get_op
[2022-11-23 17:32:33,654] {logging_mixin.py:109} INFO - Running <TaskInstance: dag_combustivel.get_op scheduled__2004-01-01T00:00:00+00:00 [running]> on host 8c4b0b632010
[2022-11-23 17:32:33,788] {taskinstance.py:1431} INFO - Exporting the following env vars:
AIRFLOW_CTX_DAG_OWNER=***
AIRFLOW_CTX_DAG_ID=dag_combustivel
AIRFLOW_CTX_TASK_ID=get_op
AIRFLOW_CTX_EXECUTION_DATE=2004-01-01T00:00:00+00:00
AIRFLOW_CTX_DAG_RUN_ID=scheduled__2004-01-01T00:00:00+00:00
[2022-11-23 17:32:33,791] {http.py:104} INFO - Calling HTTP method
[2022-11-23 17:32:33,811] {base.py:79} INFO - Using connection to: id: gcp-data-pipeline. Host: https://stack-gcp-data-pipeline-lwj3epzvha-uc.a.run.app, Port: None, Schema: , Login: , Password: None, extra: {}
[2022-11-23 17:32:33,815] {http.py:129} INFO - Sending 'POST' to url: https://stack-gcp-data-pipeline-lwj3epzvha-uc.a.run.app/download_combustivel
[2022-11-23 17:33:37,725] {taskinstance.py:1282} INFO - Marking task as SUCCESS. dag_id=dag_combustivel, task_id=get_op, execution_date=20040101T000000, start_date=20221123T173233, end_date=20221123T173337
[2022-11-23 17:33:37,806] {local_task_job.py:154} INFO - Task exited with return code 0
[2022-11-23 17:33:37,889] {local_task_job.py:264} INFO - 1 downstream tasks scheduled from follow-on schedule check
