[2022-11-23 15:52:29,992] {taskinstance.py:1037} INFO - Dependencies all met for <TaskInstance: dag_combustivel.get_op scheduled__2004-01-01T00:00:00+00:00 [queued]>
[2022-11-23 15:52:30,031] {taskinstance.py:1037} INFO - Dependencies all met for <TaskInstance: dag_combustivel.get_op scheduled__2004-01-01T00:00:00+00:00 [queued]>
[2022-11-23 15:52:30,033] {taskinstance.py:1243} INFO - 
--------------------------------------------------------------------------------
[2022-11-23 15:52:30,034] {taskinstance.py:1244} INFO - Starting attempt 3 of 3
[2022-11-23 15:52:30,036] {taskinstance.py:1245} INFO - 
--------------------------------------------------------------------------------
[2022-11-23 15:52:30,094] {taskinstance.py:1264} INFO - Executing <Task(SimpleHttpOperator): get_op> on 2004-01-01 00:00:00+00:00
[2022-11-23 15:52:30,109] {standard_task_runner.py:52} INFO - Started process 2381 to run task
[2022-11-23 15:52:30,129] {standard_task_runner.py:76} INFO - Running: ['***', 'tasks', 'run', 'dag_combustivel', 'get_op', 'scheduled__2004-01-01T00:00:00+00:00', '--job-id', '17', '--raw', '--subdir', 'DAGS_FOLDER/dag_combustivel.py', '--cfg-path', '/tmp/tmpv2mes6jt', '--error-file', '/tmp/tmp8_xm4y04']
[2022-11-23 15:52:30,133] {standard_task_runner.py:77} INFO - Job 17: Subtask get_op
[2022-11-23 15:52:30,403] {logging_mixin.py:109} INFO - Running <TaskInstance: dag_combustivel.get_op scheduled__2004-01-01T00:00:00+00:00 [running]> on host 8c4b0b632010
[2022-11-23 15:52:30,666] {taskinstance.py:1431} INFO - Exporting the following env vars:
AIRFLOW_CTX_DAG_OWNER=***
AIRFLOW_CTX_DAG_ID=dag_combustivel
AIRFLOW_CTX_TASK_ID=get_op
AIRFLOW_CTX_EXECUTION_DATE=2004-01-01T00:00:00+00:00
AIRFLOW_CTX_DAG_RUN_ID=scheduled__2004-01-01T00:00:00+00:00
[2022-11-23 15:52:30,670] {http.py:104} INFO - Calling HTTP method
[2022-11-23 15:52:30,715] {base.py:79} INFO - Using connection to: id: gcp-data-pipeline. Host: https://stack-gcp-data-pipeline-lwj3epzvha-uc.a.run.app, Port: None, Schema: , Login: , Password: None, extra: {}
[2022-11-23 15:52:30,744] {http.py:129} INFO - Sending 'POST' to url: https://stack-gcp-data-pipeline-lwj3epzvha-uc.a.run.app/download_combustivel
[2022-11-23 15:54:41,475] {taskinstance.py:1282} INFO - Marking task as SUCCESS. dag_id=dag_combustivel, task_id=get_op, execution_date=20040101T000000, start_date=20221123T155229, end_date=20221123T155441
[2022-11-23 15:54:41,538] {local_task_job.py:154} INFO - Task exited with return code 0
[2022-11-23 15:54:41,617] {local_task_job.py:264} INFO - 1 downstream tasks scheduled from follow-on schedule check
