[2022-11-23 16:27:11,019] {taskinstance.py:1037} INFO - Dependencies all met for <TaskInstance: dag_combustivel.get_op scheduled__2004-01-01T00:00:00+00:00 [queued]>
[2022-11-23 16:27:11,052] {taskinstance.py:1037} INFO - Dependencies all met for <TaskInstance: dag_combustivel.get_op scheduled__2004-01-01T00:00:00+00:00 [queued]>
[2022-11-23 16:27:11,053] {taskinstance.py:1243} INFO - 
--------------------------------------------------------------------------------
[2022-11-23 16:27:11,054] {taskinstance.py:1244} INFO - Starting attempt 4 of 4
[2022-11-23 16:27:11,054] {taskinstance.py:1245} INFO - 
--------------------------------------------------------------------------------
[2022-11-23 16:27:11,102] {taskinstance.py:1264} INFO - Executing <Task(SimpleHttpOperator): get_op> on 2004-01-01 00:00:00+00:00
[2022-11-23 16:27:11,116] {standard_task_runner.py:52} INFO - Started process 3461 to run task
[2022-11-23 16:27:11,127] {standard_task_runner.py:76} INFO - Running: ['***', 'tasks', 'run', 'dag_combustivel', 'get_op', 'scheduled__2004-01-01T00:00:00+00:00', '--job-id', '24', '--raw', '--subdir', 'DAGS_FOLDER/dag_combustivel.py', '--cfg-path', '/tmp/tmp9liyzkof', '--error-file', '/tmp/tmpg62lw_2b']
[2022-11-23 16:27:11,129] {standard_task_runner.py:77} INFO - Job 24: Subtask get_op
[2022-11-23 16:27:11,378] {logging_mixin.py:109} INFO - Running <TaskInstance: dag_combustivel.get_op scheduled__2004-01-01T00:00:00+00:00 [running]> on host 8c4b0b632010
[2022-11-23 16:27:11,736] {taskinstance.py:1431} INFO - Exporting the following env vars:
AIRFLOW_CTX_DAG_OWNER=***
AIRFLOW_CTX_DAG_ID=dag_combustivel
AIRFLOW_CTX_TASK_ID=get_op
AIRFLOW_CTX_EXECUTION_DATE=2004-01-01T00:00:00+00:00
AIRFLOW_CTX_DAG_RUN_ID=scheduled__2004-01-01T00:00:00+00:00
[2022-11-23 16:27:11,740] {http.py:104} INFO - Calling HTTP method
[2022-11-23 16:27:11,782] {base.py:79} INFO - Using connection to: id: gcp-data-pipeline. Host: https://stack-gcp-data-pipeline-lwj3epzvha-uc.a.run.app, Port: None, Schema: , Login: , Password: None, extra: {}
[2022-11-23 16:27:11,802] {http.py:129} INFO - Sending 'POST' to url: https://stack-gcp-data-pipeline-lwj3epzvha-uc.a.run.app/download_combustivel
[2022-11-23 16:27:26,746] {taskinstance.py:1282} INFO - Marking task as SUCCESS. dag_id=dag_combustivel, task_id=get_op, execution_date=20040101T000000, start_date=20221123T162711, end_date=20221123T162726
[2022-11-23 16:27:26,838] {local_task_job.py:154} INFO - Task exited with return code 0
[2022-11-23 16:27:26,935] {local_task_job.py:264} INFO - 1 downstream tasks scheduled from follow-on schedule check
