[2022-11-23 16:39:07,754] {taskinstance.py:1037} INFO - Dependencies all met for <TaskInstance: dag_combustivel.get_op scheduled__2004-01-01T00:00:00+00:00 [queued]>
[2022-11-23 16:39:07,783] {taskinstance.py:1037} INFO - Dependencies all met for <TaskInstance: dag_combustivel.get_op scheduled__2004-01-01T00:00:00+00:00 [queued]>
[2022-11-23 16:39:07,783] {taskinstance.py:1243} INFO - 
--------------------------------------------------------------------------------
[2022-11-23 16:39:07,784] {taskinstance.py:1244} INFO - Starting attempt 5 of 5
[2022-11-23 16:39:07,785] {taskinstance.py:1245} INFO - 
--------------------------------------------------------------------------------
[2022-11-23 16:39:07,810] {taskinstance.py:1264} INFO - Executing <Task(SimpleHttpOperator): get_op> on 2004-01-01 00:00:00+00:00
[2022-11-23 16:39:07,818] {standard_task_runner.py:52} INFO - Started process 3865 to run task
[2022-11-23 16:39:07,826] {standard_task_runner.py:76} INFO - Running: ['***', 'tasks', 'run', 'dag_combustivel', 'get_op', 'scheduled__2004-01-01T00:00:00+00:00', '--job-id', '33', '--raw', '--subdir', 'DAGS_FOLDER/dag_combustivel.py', '--cfg-path', '/tmp/tmpl4j9duls', '--error-file', '/tmp/tmpub7kxn70']
[2022-11-23 16:39:07,828] {standard_task_runner.py:77} INFO - Job 33: Subtask get_op
[2022-11-23 16:39:07,939] {logging_mixin.py:109} INFO - Running <TaskInstance: dag_combustivel.get_op scheduled__2004-01-01T00:00:00+00:00 [running]> on host 8c4b0b632010
[2022-11-23 16:39:08,089] {taskinstance.py:1431} INFO - Exporting the following env vars:
AIRFLOW_CTX_DAG_OWNER=***
AIRFLOW_CTX_DAG_ID=dag_combustivel
AIRFLOW_CTX_TASK_ID=get_op
AIRFLOW_CTX_EXECUTION_DATE=2004-01-01T00:00:00+00:00
AIRFLOW_CTX_DAG_RUN_ID=scheduled__2004-01-01T00:00:00+00:00
[2022-11-23 16:39:08,092] {http.py:104} INFO - Calling HTTP method
[2022-11-23 16:39:08,113] {base.py:79} INFO - Using connection to: id: gcp-data-pipeline. Host: https://stack-gcp-data-pipeline-lwj3epzvha-uc.a.run.app, Port: None, Schema: , Login: , Password: None, extra: {}
[2022-11-23 16:39:08,124] {http.py:129} INFO - Sending 'POST' to url: https://stack-gcp-data-pipeline-lwj3epzvha-uc.a.run.app/download_combustivel
[2022-11-23 16:41:25,339] {taskinstance.py:1282} INFO - Marking task as SUCCESS. dag_id=dag_combustivel, task_id=get_op, execution_date=20040101T000000, start_date=20221123T163907, end_date=20221123T164125
[2022-11-23 16:41:25,528] {local_task_job.py:154} INFO - Task exited with return code 0
[2022-11-23 16:41:25,831] {local_task_job.py:264} INFO - 1 downstream tasks scheduled from follow-on schedule check
