[2022-11-23 16:42:32,703] {taskinstance.py:1037} INFO - Dependencies all met for <TaskInstance: dag_combustivel.get_op scheduled__2004-01-01T00:00:00+00:00 [queued]>
[2022-11-23 16:42:32,750] {taskinstance.py:1037} INFO - Dependencies all met for <TaskInstance: dag_combustivel.get_op scheduled__2004-01-01T00:00:00+00:00 [queued]>
[2022-11-23 16:42:32,751] {taskinstance.py:1243} INFO - 
--------------------------------------------------------------------------------
[2022-11-23 16:42:32,752] {taskinstance.py:1244} INFO - Starting attempt 6 of 6
[2022-11-23 16:42:32,753] {taskinstance.py:1245} INFO - 
--------------------------------------------------------------------------------
[2022-11-23 16:42:32,821] {taskinstance.py:1264} INFO - Executing <Task(SimpleHttpOperator): get_op> on 2004-01-01 00:00:00+00:00
[2022-11-23 16:42:32,834] {standard_task_runner.py:52} INFO - Started process 3983 to run task
[2022-11-23 16:42:32,857] {standard_task_runner.py:76} INFO - Running: ['***', 'tasks', 'run', 'dag_combustivel', 'get_op', 'scheduled__2004-01-01T00:00:00+00:00', '--job-id', '37', '--raw', '--subdir', 'DAGS_FOLDER/dag_combustivel.py', '--cfg-path', '/tmp/tmpz5ln03f7', '--error-file', '/tmp/tmpw6qqo9t_']
[2022-11-23 16:42:32,865] {standard_task_runner.py:77} INFO - Job 37: Subtask get_op
[2022-11-23 16:42:33,111] {logging_mixin.py:109} INFO - Running <TaskInstance: dag_combustivel.get_op scheduled__2004-01-01T00:00:00+00:00 [running]> on host 8c4b0b632010
[2022-11-23 16:42:33,276] {taskinstance.py:1431} INFO - Exporting the following env vars:
AIRFLOW_CTX_DAG_OWNER=***
AIRFLOW_CTX_DAG_ID=dag_combustivel
AIRFLOW_CTX_TASK_ID=get_op
AIRFLOW_CTX_EXECUTION_DATE=2004-01-01T00:00:00+00:00
AIRFLOW_CTX_DAG_RUN_ID=scheduled__2004-01-01T00:00:00+00:00
[2022-11-23 16:42:33,279] {http.py:104} INFO - Calling HTTP method
[2022-11-23 16:42:33,309] {base.py:79} INFO - Using connection to: id: gcp-data-pipeline. Host: https://stack-gcp-data-pipeline-lwj3epzvha-uc.a.run.app, Port: None, Schema: , Login: , Password: None, extra: {}
[2022-11-23 16:42:33,313] {http.py:129} INFO - Sending 'POST' to url: https://stack-gcp-data-pipeline-lwj3epzvha-uc.a.run.app/download_combustivel
[2022-11-23 16:44:45,709] {taskinstance.py:1282} INFO - Marking task as SUCCESS. dag_id=dag_combustivel, task_id=get_op, execution_date=20040101T000000, start_date=20221123T164232, end_date=20221123T164445
[2022-11-23 16:44:45,850] {local_task_job.py:154} INFO - Task exited with return code 0
[2022-11-23 16:44:46,045] {local_task_job.py:264} INFO - 1 downstream tasks scheduled from follow-on schedule check
