[2022-11-23 17:13:29,420] {taskinstance.py:1037} INFO - Dependencies all met for <TaskInstance: dag_combustivel.get_op scheduled__2004-01-01T00:00:00+00:00 [queued]>
[2022-11-23 17:13:29,457] {taskinstance.py:1037} INFO - Dependencies all met for <TaskInstance: dag_combustivel.get_op scheduled__2004-01-01T00:00:00+00:00 [queued]>
[2022-11-23 17:13:29,459] {taskinstance.py:1243} INFO - 
--------------------------------------------------------------------------------
[2022-11-23 17:13:29,459] {taskinstance.py:1244} INFO - Starting attempt 9 of 9
[2022-11-23 17:13:29,460] {taskinstance.py:1245} INFO - 
--------------------------------------------------------------------------------
[2022-11-23 17:13:29,512] {taskinstance.py:1264} INFO - Executing <Task(SimpleHttpOperator): get_op> on 2004-01-01 00:00:00+00:00
[2022-11-23 17:13:29,536] {standard_task_runner.py:76} INFO - Running: ['***', 'tasks', 'run', 'dag_combustivel', 'get_op', 'scheduled__2004-01-01T00:00:00+00:00', '--job-id', '44', '--raw', '--subdir', 'DAGS_FOLDER/dag_combustivel.py', '--cfg-path', '/tmp/tmphnjeig95', '--error-file', '/tmp/tmpfgcq13xl']
[2022-11-23 17:13:29,527] {standard_task_runner.py:52} INFO - Started process 4894 to run task
[2022-11-23 17:13:29,539] {standard_task_runner.py:77} INFO - Job 44: Subtask get_op
[2022-11-23 17:13:29,738] {logging_mixin.py:109} INFO - Running <TaskInstance: dag_combustivel.get_op scheduled__2004-01-01T00:00:00+00:00 [running]> on host 8c4b0b632010
[2022-11-23 17:13:30,035] {taskinstance.py:1431} INFO - Exporting the following env vars:
AIRFLOW_CTX_DAG_OWNER=***
AIRFLOW_CTX_DAG_ID=dag_combustivel
AIRFLOW_CTX_TASK_ID=get_op
AIRFLOW_CTX_EXECUTION_DATE=2004-01-01T00:00:00+00:00
AIRFLOW_CTX_DAG_RUN_ID=scheduled__2004-01-01T00:00:00+00:00
[2022-11-23 17:13:30,041] {http.py:104} INFO - Calling HTTP method
[2022-11-23 17:13:30,101] {base.py:79} INFO - Using connection to: id: gcp-data-pipeline. Host: https://stack-gcp-data-pipeline-lwj3epzvha-uc.a.run.app, Port: None, Schema: , Login: , Password: None, extra: {}
[2022-11-23 17:13:30,131] {http.py:129} INFO - Sending 'POST' to url: https://stack-gcp-data-pipeline-lwj3epzvha-uc.a.run.app/download_combustivel
[2022-11-23 17:14:33,079] {taskinstance.py:1282} INFO - Marking task as SUCCESS. dag_id=dag_combustivel, task_id=get_op, execution_date=20040101T000000, start_date=20221123T171329, end_date=20221123T171433
[2022-11-23 17:14:33,245] {local_task_job.py:154} INFO - Task exited with return code 0
[2022-11-23 17:14:33,408] {local_task_job.py:264} INFO - 1 downstream tasks scheduled from follow-on schedule check
