[2022-11-23 17:22:38,522] {taskinstance.py:1037} INFO - Dependencies all met for <TaskInstance: dag_combustivel.get_op scheduled__2004-07-01T00:00:00+00:00 [queued]>
[2022-11-23 17:22:38,551] {taskinstance.py:1037} INFO - Dependencies all met for <TaskInstance: dag_combustivel.get_op scheduled__2004-07-01T00:00:00+00:00 [queued]>
[2022-11-23 17:22:38,552] {taskinstance.py:1243} INFO - 
--------------------------------------------------------------------------------
[2022-11-23 17:22:38,553] {taskinstance.py:1244} INFO - Starting attempt 5 of 5
[2022-11-23 17:22:38,554] {taskinstance.py:1245} INFO - 
--------------------------------------------------------------------------------
[2022-11-23 17:22:38,593] {taskinstance.py:1264} INFO - Executing <Task(SimpleHttpOperator): get_op> on 2004-07-01 00:00:00+00:00
[2022-11-23 17:22:38,604] {standard_task_runner.py:52} INFO - Started process 5210 to run task
[2022-11-23 17:22:38,618] {standard_task_runner.py:76} INFO - Running: ['***', 'tasks', 'run', 'dag_combustivel', 'get_op', 'scheduled__2004-07-01T00:00:00+00:00', '--job-id', '49', '--raw', '--subdir', 'DAGS_FOLDER/dag_combustivel.py', '--cfg-path', '/tmp/tmpybe0cptw', '--error-file', '/tmp/tmpfxa4ghrt']
[2022-11-23 17:22:38,621] {standard_task_runner.py:77} INFO - Job 49: Subtask get_op
[2022-11-23 17:22:38,783] {logging_mixin.py:109} INFO - Running <TaskInstance: dag_combustivel.get_op scheduled__2004-07-01T00:00:00+00:00 [running]> on host 8c4b0b632010
[2022-11-23 17:22:38,942] {taskinstance.py:1431} INFO - Exporting the following env vars:
AIRFLOW_CTX_DAG_OWNER=***
AIRFLOW_CTX_DAG_ID=dag_combustivel
AIRFLOW_CTX_TASK_ID=get_op
AIRFLOW_CTX_EXECUTION_DATE=2004-07-01T00:00:00+00:00
AIRFLOW_CTX_DAG_RUN_ID=scheduled__2004-07-01T00:00:00+00:00
[2022-11-23 17:22:38,945] {http.py:104} INFO - Calling HTTP method
[2022-11-23 17:22:38,968] {base.py:79} INFO - Using connection to: id: gcp-data-pipeline. Host: https://stack-gcp-data-pipeline-lwj3epzvha-uc.a.run.app, Port: None, Schema: , Login: , Password: None, extra: {}
[2022-11-23 17:22:38,987] {http.py:129} INFO - Sending 'POST' to url: https://stack-gcp-data-pipeline-lwj3epzvha-uc.a.run.app/download_combustivel
[2022-11-23 17:22:47,272] {taskinstance.py:1282} INFO - Marking task as SUCCESS. dag_id=dag_combustivel, task_id=get_op, execution_date=20040701T000000, start_date=20221123T172238, end_date=20221123T172247
[2022-11-23 17:22:47,397] {local_task_job.py:154} INFO - Task exited with return code 0
[2022-11-23 17:22:47,547] {local_task_job.py:264} INFO - 1 downstream tasks scheduled from follow-on schedule check
