[2022-11-23 17:50:28,507] {taskinstance.py:1037} INFO - Dependencies all met for <TaskInstance: dag_combustivel.get_op scheduled__2004-07-01T00:00:00+00:00 [queued]>
[2022-11-23 17:50:28,531] {taskinstance.py:1037} INFO - Dependencies all met for <TaskInstance: dag_combustivel.get_op scheduled__2004-07-01T00:00:00+00:00 [queued]>
[2022-11-23 17:50:28,532] {taskinstance.py:1243} INFO - 
--------------------------------------------------------------------------------
[2022-11-23 17:50:28,532] {taskinstance.py:1244} INFO - Starting attempt 8 of 8
[2022-11-23 17:50:28,533] {taskinstance.py:1245} INFO - 
--------------------------------------------------------------------------------
[2022-11-23 17:50:28,559] {taskinstance.py:1264} INFO - Executing <Task(SimpleHttpOperator): get_op> on 2004-07-01 00:00:00+00:00
[2022-11-23 17:50:28,568] {standard_task_runner.py:52} INFO - Started process 6188 to run task
[2022-11-23 17:50:28,574] {standard_task_runner.py:76} INFO - Running: ['***', 'tasks', 'run', 'dag_combustivel', 'get_op', 'scheduled__2004-07-01T00:00:00+00:00', '--job-id', '65', '--raw', '--subdir', 'DAGS_FOLDER/dag_combustivel.py', '--cfg-path', '/tmp/tmpnjawsb_i', '--error-file', '/tmp/tmp3dqfob3w']
[2022-11-23 17:50:28,576] {standard_task_runner.py:77} INFO - Job 65: Subtask get_op
[2022-11-23 17:50:28,682] {logging_mixin.py:109} INFO - Running <TaskInstance: dag_combustivel.get_op scheduled__2004-07-01T00:00:00+00:00 [running]> on host 8c4b0b632010
[2022-11-23 17:50:28,797] {taskinstance.py:1431} INFO - Exporting the following env vars:
AIRFLOW_CTX_DAG_OWNER=***
AIRFLOW_CTX_DAG_ID=dag_combustivel
AIRFLOW_CTX_TASK_ID=get_op
AIRFLOW_CTX_EXECUTION_DATE=2004-07-01T00:00:00+00:00
AIRFLOW_CTX_DAG_RUN_ID=scheduled__2004-07-01T00:00:00+00:00
[2022-11-23 17:50:28,798] {http.py:104} INFO - Calling HTTP method
[2022-11-23 17:50:28,813] {base.py:79} INFO - Using connection to: id: gcp-data-pipeline. Host: https://stack-gcp-data-pipeline-lwj3epzvha-uc.a.run.app, Port: None, Schema: , Login: , Password: None, extra: {}
[2022-11-23 17:50:28,820] {http.py:129} INFO - Sending 'POST' to url: https://stack-gcp-data-pipeline-lwj3epzvha-uc.a.run.app/download_combustivel
