[2022-11-23 17:48:33,839] {taskinstance.py:1037} INFO - Dependencies all met for <TaskInstance: dag_combustivel.delete_cluster scheduled__2004-01-01T00:00:00+00:00 [queued]>
[2022-11-23 17:48:33,866] {taskinstance.py:1037} INFO - Dependencies all met for <TaskInstance: dag_combustivel.delete_cluster scheduled__2004-01-01T00:00:00+00:00 [queued]>
[2022-11-23 17:48:33,867] {taskinstance.py:1243} INFO - 
--------------------------------------------------------------------------------
[2022-11-23 17:48:33,868] {taskinstance.py:1244} INFO - Starting attempt 1 of 1
[2022-11-23 17:48:33,868] {taskinstance.py:1245} INFO - 
--------------------------------------------------------------------------------
[2022-11-23 17:48:33,896] {taskinstance.py:1264} INFO - Executing <Task(DataprocDeleteClusterOperator): delete_cluster> on 2004-01-01 00:00:00+00:00
[2022-11-23 17:48:33,905] {standard_task_runner.py:52} INFO - Started process 6110 to run task
[2022-11-23 17:48:33,913] {standard_task_runner.py:76} INFO - Running: ['***', 'tasks', 'run', 'dag_combustivel', 'delete_cluster', 'scheduled__2004-01-01T00:00:00+00:00', '--job-id', '64', '--raw', '--subdir', 'DAGS_FOLDER/dag_combustivel.py', '--cfg-path', '/tmp/tmpxr1c4g27', '--error-file', '/tmp/tmpox15bfco']
[2022-11-23 17:48:33,916] {standard_task_runner.py:77} INFO - Job 64: Subtask delete_cluster
[2022-11-23 17:48:34,035] {logging_mixin.py:109} INFO - Running <TaskInstance: dag_combustivel.delete_cluster scheduled__2004-01-01T00:00:00+00:00 [running]> on host 8c4b0b632010
[2022-11-23 17:48:34,152] {taskinstance.py:1431} INFO - Exporting the following env vars:
AIRFLOW_CTX_DAG_OWNER=***
AIRFLOW_CTX_DAG_ID=dag_combustivel
AIRFLOW_CTX_TASK_ID=delete_cluster
AIRFLOW_CTX_EXECUTION_DATE=2004-01-01T00:00:00+00:00
AIRFLOW_CTX_DAG_RUN_ID=scheduled__2004-01-01T00:00:00+00:00
[2022-11-23 17:48:34,174] {dataproc.py:863} INFO - Deleting cluster: stack-data-pipeline
[2022-11-23 17:50:24,021] {dataproc.py:875} INFO - Cluster deleted.
[2022-11-23 17:50:24,053] {taskinstance.py:1282} INFO - Marking task as SUCCESS. dag_id=dag_combustivel, task_id=delete_cluster, execution_date=20040101T000000, start_date=20221123T174833, end_date=20221123T175024
[2022-11-23 17:50:24,161] {local_task_job.py:154} INFO - Task exited with return code 0
[2022-11-23 17:50:24,256] {local_task_job.py:264} INFO - 0 downstream tasks scheduled from follow-on schedule check
